app/build/intermediates/manifest_merge_blame_file/debug/manifest-merger-blame-debug-report.txt
1<?xml version="1.0" encoding="utf-8"?>
2<manifest xmlns:android="http://schemas.android.com/apk/res/android"
3    package="com.namaazalarm.debug"
4    android:versionCode="6"
5    android:versionName="1.6.0-debug" >
6
7    <uses-sdk
8        android:minSdkVersion="21"
9        android:targetSdkVersion="34" />
10
11    <uses-permission android:name="android.permission.INTERNET" />
11-->src\main\AndroidManifest.xml:4:5-66
11-->src\main\AndroidManifest.xml:4:22-64
12    <uses-permission android:name="android.permission.RECEIVE_BOOT_COMPLETED" />
12-->src\main\AndroidManifest.xml:5:5-80
12-->src\main\AndroidManifest.xml:5:22-78
13    <uses-permission android:name="android.permission.SCHEDULE_EXACT_ALARM" />
13-->src\main\AndroidManifest.xml:6:5-78
13-->src\main\AndroidManifest.xml:6:22-76
14    <uses-permission android:name="android.permission.USE_EXACT_ALARM" />
14-->src\main\AndroidManifest.xml:7:5-73
14-->src\main\AndroidManifest.xml:7:22-71
15    <uses-permission android:name="android.permission.VIBRATE" />
15-->src\main\AndroidManifest.xml:8:5-65
15-->src\main\AndroidManifest.xml:8:22-63
16    <uses-permission android:name="android.permission.WAKE_LOCK" />
16-->src\main\AndroidManifest.xml:9:5-67
16-->src\main\AndroidManifest.xml:9:22-65
17    <uses-permission android:name="android.permission.POST_NOTIFICATIONS" />
17-->src\main\AndroidManifest.xml:10:5-76
17-->src\main\AndroidManifest.xml:10:22-74
18    <uses-permission android:name="android.permission.FOREGROUND_SERVICE" />
18-->src\main\AndroidManifest.xml:11:5-76
18-->src\main\AndroidManifest.xml:11:22-74
19    <uses-permission android:name="android.permission.FOREGROUND_SERVICE_MEDIA_PLAYBACK" />
19-->src\main\AndroidManifest.xml:12:5-91
19-->src\main\AndroidManifest.xml:12:22-89
20    <uses-permission android:name="android.permission.REQUEST_IGNORE_BATTERY_OPTIMIZATIONS" />
20-->src\main\AndroidManifest.xml:13:5-94
20-->src\main\AndroidManifest.xml:13:22-92
21    <uses-permission android:name="android.permission.USE_FULL_SCREEN_INTENT" />
21-->src\main\AndroidManifest.xml:14:5-80
21-->src\main\AndroidManifest.xml:14:22-78
22    <uses-permission android:name="android.permission.ACCESS_COARSE_LOCATION" />
22-->src\main\AndroidManifest.xml:15:5-80
22-->src\main\AndroidManifest.xml:15:22-78
23    <uses-permission android:name="android.permission.ACCESS_FINE_LOCATION" />
23-->src\main\AndroidManifest.xml:16:5-78
23-->src\main\AndroidManifest.xml:16:22-76
24    <uses-permission
24-->src\main\AndroidManifest.xml:17:5-106
25        android:name="android.permission.READ_EXTERNAL_STORAGE"
25-->src\main\AndroidManifest.xml:17:22-77
26        android:maxSdkVersion="32" />
26-->src\main\AndroidManifest.xml:17:78-104
27    <uses-permission android:name="android.permission.READ_MEDIA_AUDIO" />
27-->src\main\AndroidManifest.xml:18:5-74
27-->src\main\AndroidManifest.xml:18:22-72
28    <!-- For reading Excel/CSV files from storage -->
29    <uses-permission android:name="android.permission.READ_MEDIA_VISUAL_USER_SELECTED" />
29-->src\main\AndroidManifest.xml:20:5-89
29-->src\main\AndroidManifest.xml:20:22-87
30    <uses-permission android:name="android.permission.ACCESS_NETWORK_STATE" />
30-->[androidx.work:work-runtime:2.9.0] AndroidManifest.xml:24:5-79
30-->[androidx.work:work-runtime:2.9.0] AndroidManifest.xml:24:22-76
31
32    <permission
32-->[androidx.core:core:1.12.0] AndroidManifest.xml:22:5-24:47
33        android:name="com.namaazalarm.debug.DYNAMIC_RECEIVER_NOT_EXPORTED_PERMISSION"
33-->[androidx.core:core:1.12.0] AndroidManifest.xml:23:9-81
34        android:protectionLevel="signature" />
34-->[androidx.core:core:1.12.0] AndroidManifest.xml:24:9-44
35
36    <uses-permission android:name="com.namaazalarm.debug.DYNAMIC_RECEIVER_NOT_EXPORTED_PERMISSION" />
36-->[androidx.core:core:1.12.0] AndroidManifest.xml:26:5-97
36-->[androidx.core:core:1.12.0] AndroidManifest.xml:26:22-94
37
38    <application
38-->src\main\AndroidManifest.xml:22:5-86:19
39        android:allowBackup="true"
39-->src\main\AndroidManifest.xml:23:9-35
40        android:appComponentFactory="androidx.core.app.CoreComponentFactory"
40-->[androidx.core:core:1.12.0] AndroidManifest.xml:28:18-86
41        android:debuggable="true"
42        android:extractNativeLibs="true"
43        android:icon="@mipmap/ic_launcher"
43-->src\main\AndroidManifest.xml:24:9-43
44        android:label="@string/app_name"
44-->src\main\AndroidManifest.xml:25:9-41
45        android:networkSecurityConfig="@xml/network_security_config"
45-->src\main\AndroidManifest.xml:28:9-69
46        android:roundIcon="@mipmap/ic_launcher_round"
46-->src\main\AndroidManifest.xml:26:9-54
47        android:supportsRtl="true"
47-->src\main\AndroidManifest.xml:27:9-35
48        android:theme="@style/Theme.NamaazAlarm" >
48-->src\main\AndroidManifest.xml:29:9-49
49        <activity
49-->src\main\AndroidManifest.xml:31:9-37:20
50            android:name="com.namaazalarm.MainActivity"
50-->src\main\AndroidManifest.xml:31:19-47
51            android:exported="true"
51-->src\main\AndroidManifest.xml:31:48-71
52            android:screenOrientation="portrait" >
52-->src\main\AndroidManifest.xml:32:13-49
53            <intent-filter>
53-->src\main\AndroidManifest.xml:33:13-36:29
54                <action android:name="android.intent.action.MAIN" />
54-->src\main\AndroidManifest.xml:34:17-68
54-->src\main\AndroidManifest.xml:34:25-66
55
56                <category android:name="android.intent.category.LAUNCHER" />
56-->src\main\AndroidManifest.xml:35:17-76
56-->src\main\AndroidManifest.xml:35:27-74
57            </intent-filter>
58        </activity>
59        <activity
59-->src\main\AndroidManifest.xml:39:9-40:51
60            android:name="com.namaazalarm.FetchTimetableActivity"
60-->src\main\AndroidManifest.xml:39:19-57
61            android:exported="false"
61-->src\main\AndroidManifest.xml:39:58-82
62            android:screenOrientation="portrait" />
62-->src\main\AndroidManifest.xml:40:13-49
63        <activity
63-->src\main\AndroidManifest.xml:41:9-42:51
64            android:name="com.namaazalarm.ImportTimetableActivity"
64-->src\main\AndroidManifest.xml:41:19-58
65            android:exported="false"
65-->src\main\AndroidManifest.xml:41:59-83
66            android:screenOrientation="portrait" />
66-->src\main\AndroidManifest.xml:42:13-49
67        <activity
67-->src\main\AndroidManifest.xml:43:9-44:51
68            android:name="com.namaazalarm.AlarmPreviewActivity"
68-->src\main\AndroidManifest.xml:43:19-55
69            android:exported="false"
69-->src\main\AndroidManifest.xml:43:56-80
70            android:screenOrientation="portrait" />
70-->src\main\AndroidManifest.xml:44:13-49
71        <activity
71-->src\main\AndroidManifest.xml:45:9-46:51
72            android:name="com.namaazalarm.AudioSetupActivity"
72-->src\main\AndroidManifest.xml:45:19-53
73            android:exported="false"
73-->src\main\AndroidManifest.xml:45:54-78
74            android:screenOrientation="portrait" />
74-->src\main\AndroidManifest.xml:46:13-49
75        <activity
75-->src\main\AndroidManifest.xml:47:9-48:51
76            android:name="com.namaazalarm.SettingsActivity"
76-->src\main\AndroidManifest.xml:47:19-51
77            android:exported="false"
77-->src\main\AndroidManifest.xml:47:52-76
78            android:screenOrientation="portrait" />
78-->src\main\AndroidManifest.xml:48:13-49
79        <activity
79-->src\main\AndroidManifest.xml:49:9-55:55
80            android:name="com.namaazalarm.AlarmFullScreenActivity"
80-->src\main\AndroidManifest.xml:49:19-58
81            android:excludeFromRecents="true"
81-->src\main\AndroidManifest.xml:54:13-46
82            android:exported="false"
82-->src\main\AndroidManifest.xml:49:59-83
83            android:launchMode="singleInstance"
83-->src\main\AndroidManifest.xml:53:13-48
84            android:screenOrientation="portrait"
84-->src\main\AndroidManifest.xml:50:13-49
85            android:showOnLockScreen="true"
85-->src\main\AndroidManifest.xml:51:13-44
86            android:theme="@style/Theme.NamaazAlarm"
86-->src\main\AndroidManifest.xml:55:13-53
87            android:turnScreenOn="true" />
87-->src\main\AndroidManifest.xml:52:13-40
88
89        <receiver
89-->src\main\AndroidManifest.xml:57:9-64:20
90            android:name="com.namaazalarm.alarm.AlarmReceiver"
90-->src\main\AndroidManifest.xml:57:19-54
91            android:exported="true" >
91-->src\main\AndroidManifest.xml:57:55-78
92            <intent-filter>
92-->src\main\AndroidManifest.xml:58:13-60:29
93                <action android:name="android.intent.action.BOOT_COMPLETED" />
93-->src\main\AndroidManifest.xml:59:17-78
93-->src\main\AndroidManifest.xml:59:25-76
94            </intent-filter>
95            <intent-filter>
95-->src\main\AndroidManifest.xml:61:13-63:29
96                <action android:name="com.namaazalarm.DAILY_CLEANUP" />
96-->src\main\AndroidManifest.xml:62:17-71
96-->src\main\AndroidManifest.xml:62:25-69
97            </intent-filter>
98        </receiver>
99
100        <service
100-->src\main\AndroidManifest.xml:66:9-67:60
101            android:name="com.namaazalarm.alarm.AlarmService"
101-->src\main\AndroidManifest.xml:66:18-52
102            android:exported="false"
102-->src\main\AndroidManifest.xml:66:53-77
103            android:foregroundServiceType="mediaPlayback" />
103-->src\main\AndroidManifest.xml:67:13-58
104
105        <provider
106            android:name="androidx.startup.InitializationProvider"
106-->src\main\AndroidManifest.xml:70:13-67
107            android:authorities="com.namaazalarm.debug.androidx-startup"
107-->src\main\AndroidManifest.xml:71:13-68
108            android:exported="false" >
108-->src\main\AndroidManifest.xml:72:13-37
109            <meta-data
109-->src\main\AndroidManifest.xml:75:13-76:51
110                android:name="androidx.work.WorkManagerInitializer"
110-->src\main\AndroidManifest.xml:75:24-75
111                android:value="androidx.startup" />
111-->src\main\AndroidManifest.xml:76:17-49
112            <meta-data
112-->[androidx.emoji2:emoji2:1.2.0] AndroidManifest.xml:29:13-31:52
113                android:name="androidx.emoji2.text.EmojiCompatInitializer"
113-->[androidx.emoji2:emoji2:1.2.0] AndroidManifest.xml:30:17-75
114                android:value="androidx.startup" />
114-->[androidx.emoji2:emoji2:1.2.0] AndroidManifest.xml:31:17-49
115            <meta-data
115-->[androidx.lifecycle:lifecycle-process:2.7.0] AndroidManifest.xml:29:13-31:52
116                android:name="androidx.lifecycle.ProcessLifecycleInitializer"
116-->[androidx.lifecycle:lifecycle-process:2.7.0] AndroidManifest.xml:30:17-78
117                android:value="androidx.startup" />
117-->[androidx.lifecycle:lifecycle-process:2.7.0] AndroidManifest.xml:31:17-49
118            <meta-data
118-->[androidx.profileinstaller:profileinstaller:1.3.0] AndroidManifest.xml:29:13-31:52
119                android:name="androidx.profileinstaller.ProfileInstallerInitializer"
119-->[androidx.profileinstaller:profileinstaller:1.3.0] AndroidManifest.xml:30:17-85
120                android:value="androidx.startup" />
120-->[androidx.profileinstaller:profileinstaller:1.3.0] AndroidManifest.xml:31:17-49
121        </provider>
122        <provider
123            android:name="androidx.core.content.FileProvider"
123-->src\main\AndroidManifest.xml:79:19-68
124            android:authorities="com.namaazalarm.debug.fileprovider"
124-->src\main\AndroidManifest.xml:80:13-64
125            android:exported="false"
125-->src\main\AndroidManifest.xml:81:13-37
126            android:grantUriPermissions="true" >
126-->src\main\AndroidManifest.xml:81:38-72
127            <meta-data
127-->src\main\AndroidManifest.xml:82:13-83:53
128                android:name="android.support.FILE_PROVIDER_PATHS"
128-->src\main\AndroidManifest.xml:82:24-74
129                android:resource="@xml/file_paths" />
129-->src\main\AndroidManifest.xml:83:17-51
130        </provider>
131
132        <service
132-->[androidx.work:work-runtime:2.9.0] AndroidManifest.xml:39:9-45:35
133            android:name="androidx.work.impl.background.systemalarm.SystemAlarmService"
133-->[androidx.work:work-runtime:2.9.0] AndroidManifest.xml:40:13-88
134            android:directBootAware="false"
134-->[androidx.work:work-runtime:2.9.0] AndroidManifest.xml:41:13-44
135            android:enabled="@bool/enable_system_alarm_service_default"
135-->[androidx.work:work-runtime:2.9.0] AndroidManifest.xml:42:13-72
136            android:exported="false" />
136-->[androidx.work:work-runtime:2.9.0] AndroidManifest.xml:43:13-37
137        <service
137-->[androidx.work:work-runtime:2.9.0] AndroidManifest.xml:46:9-52:35
138            android:name="androidx.work.impl.background.systemjob.SystemJobService"
138-->[androidx.work:work-runtime:2.9.0] AndroidManifest.xml:47:13-84
139            android:directBootAware="false"
139-->[androidx.work:work-runtime:2.9.0] AndroidManifest.xml:48:13-44
140            android:enabled="@bool/enable_system_job_service_default"
140-->[androidx.work:work-runtime:2.9.0] AndroidManifest.xml:49:13-70
141            android:exported="true"
141-->[androidx.work:work-runtime:2.9.0] AndroidManifest.xml:50:13-36
142            android:permission="android.permission.BIND_JOB_SERVICE" />
142-->[androidx.work:work-runtime:2.9.0] AndroidManifest.xml:51:13-69
143        <service
143-->[androidx.work:work-runtime:2.9.0] AndroidManifest.xml:53:9-59:35
144            android:name="androidx.work.impl.foreground.SystemForegroundService"
144-->[androidx.work:work-runtime:2.9.0] AndroidManifest.xml:54:13-81
145            android:directBootAware="false"
145-->[androidx.work:work-runtime:2.9.0] AndroidManifest.xml:55:13-44
146            android:enabled="@bool/enable_system_foreground_service_default"
146-->[androidx.work:work-runtime:2.9.0] AndroidManifest.xml:56:13-77
147            android:exported="false" />
147-->[androidx.work:work-runtime:2.9.0] AndroidManifest.xml:57:13-37
148
149        <receiver
149-->[androidx.work:work-runtime:2.9.0] AndroidManifest.xml:61:9-66:35
150            android:name="androidx.work.impl.utils.ForceStopRunnable$BroadcastReceiver"
150-->[androidx.work:work-runtime:2.9.0] AndroidManifest.xml:62:13-88
151            android:directBootAware="false"
151-->[androidx.work:work-runtime:2.9.0] AndroidManifest.xml:63:13-44
152            android:enabled="true"
152-->[androidx.work:work-runtime:2.9.0] AndroidManifest.xml:64:13-35
153            android:exported="false" />
153-->[androidx.work:work-runtime:2.9.0] AndroidManifest.xml:65:13-37
154        <receiver
154-->[androidx.work:work-runtime:2.9.0] AndroidManifest.xml:67:9-77:20
155            android:name="androidx.work.impl.background.systemalarm.ConstraintProxy$BatteryChargingProxy"
155-->[androidx.work:work-runtime:2.9.0] AndroidManifest.xml:68:13-106
156            android:directBootAware="false"
156-->[androidx.work:work-runtime:2.9.0] AndroidManifest.xml:69:13-44
157            android:enabled="false"
157-->[androidx.work:work-runtime:2.9.0] AndroidManifest.xml:70:13-36
158            android:exported="false" >
158-->[androidx.work:work-runtime:2.9.0] AndroidManifest.xml:71:13-37
159            <intent-filter>
159-->[androidx.work:work-runtime:2.9.0] AndroidManifest.xml:73:13-76:29
160                <action android:name="android.intent.action.ACTION_POWER_CONNECTED" />
160-->[androidx.work:work-runtime:2.9.0] AndroidManifest.xml:74:17-87
160-->[androidx.work:work-runtime:2.9.0] AndroidManifest.xml:74:25-84
161                <action android:name="android.intent.action.ACTION_POWER_DISCONNECTED" />
161-->[androidx.work:work-runtime:2.9.0] AndroidManifest.xml:75:17-90
161-->[androidx.work:work-runtime:2.9.0] AndroidManifest.xml:75:25-87
162            </intent-filter>
163        </receiver>
164        <receiver
164-->[androidx.work:work-runtime:2.9.0] AndroidManifest.xml:78:9-88:20
165            android:name="androidx.work.impl.background.systemalarm.ConstraintProxy$BatteryNotLowProxy"
165-->[androidx.work:work-runtime:2.9.0] AndroidManifest.xml:79:13-104
166            android:directBootAware="false"
166-->[androidx.work:work-runtime:2.9.0] AndroidManifest.xml:80:13-44
167            android:enabled="false"
167-->[androidx.work:work-runtime:2.9.0] AndroidManifest.xml:81:13-36
168            android:exported="false" >
168-->[androidx.work:work-runtime:2.9.0] AndroidManifest.xml:82:13-37
169            <intent-filter>
169-->[androidx.work:work-runtime:2.9.0] AndroidManifest.xml:84:13-87:29
170                <action android:name="android.intent.action.BATTERY_OKAY" />
170-->[androidx.work:work-runtime:2.9.0] AndroidManifest.xml:85:17-77
170-->[androidx.work:work-runtime:2.9.0] AndroidManifest.xml:85:25-74
171                <action android:name="android.intent.action.BATTERY_LOW" />
171-->[androidx.work:work-runtime:2.9.0] AndroidManifest.xml:86:17-76
171-->[androidx.work:work-runtime:2.9.0] AndroidManifest.xml:86:25-73
172            </intent-filter>
173        </receiver>
174        <receiver
174-->[androidx.work:work-runtime:2.9.0] AndroidManifest.xml:89:9-99:20
175            android:name="androidx.work.impl.background.systemalarm.ConstraintProxy$StorageNotLowProxy"
175-->[androidx.work:work-runtime:2.9.0] AndroidManifest.xml:90:13-104
176            android:directBootAware="false"
176-->[androidx.work:work-runtime:2.9.0] AndroidManifest.xml:91:13-44
177            android:enabled="false"
177-->[androidx.work:work-runtime:2.9.0] AndroidManifest.xml:92:13-36
178            android:exported="false" >
178-->[androidx.work:work-runtime:2.9.0] AndroidManifest.xml:93:13-37
179            <intent-filter>
179-->[androidx.work:work-runtime:2.9.0] AndroidManifest.xml:95:13-98:29
180                <action android:name="android.intent.action.DEVICE_STORAGE_LOW" />
180-->[androidx.work:work-runtime:2.9.0] AndroidManifest.xml:96:17-83
180-->[androidx.work:work-runtime:2.9.0] AndroidManifest.xml:96:25-80
181                <action android:name="android.intent.action.DEVICE_STORAGE_OK" />
181-->[androidx.work:work-runtime:2.9.0] AndroidManifest.xml:97:17-82
181-->[androidx.work:work-runtime:2.9.0] AndroidManifest.xml:97:25-79
182            </intent-filter>
183        </receiver>
184        <receiver
184-->[androidx.work:work-runtime:2.9.0] AndroidManifest.xml:100:9-109:20
185            android:name="androidx.work.impl.background.systemalarm.ConstraintProxy$NetworkStateProxy"
185-->[androidx.work:work-runtime:2.9.0] AndroidManifest.xml:101:13-103
186            android:directBootAware="false"
186-->[androidx.work:work-runtime:2.9.0] AndroidManifest.xml:102:13-44
187            android:enabled="false"
187-->[androidx.work:work-runtime:2.9.0] AndroidManifest.xml:103:13-36
188            android:exported="false" >
188-->[androidx.work:work-runtime:2.9.0] AndroidManifest.xml:104:13-37
189            <intent-filter>
189-->[androidx.work:work-runtime:2.9.0] AndroidManifest.xml:106:13-108:29
190                <action android:name="android.net.conn.CONNECTIVITY_CHANGE" />
190-->[androidx.work:work-runtime:2.9.0] AndroidManifest.xml:107:17-79
190-->[androidx.work:work-runtime:2.9.0] AndroidManifest.xml:107:25-76
191            </intent-filter>
192        </receiver>
193        <receiver
193-->[androidx.work:work-runtime:2.9.0] AndroidManifest.xml:110:9-121:20
194            android:name="androidx.work.impl.background.systemalarm.RescheduleReceiver"
194-->[androidx.work:work-runtime:2.9.0] AndroidManifest.xml:111:13-88
195            android:directBootAware="false"
195-->[androidx.work:work-runtime:2.9.0] AndroidManifest.xml:112:13-44
196            android:enabled="false"
196-->[androidx.work:work-runtime:2.9.0] AndroidManifest.xml:113:13-36
197            android:exported="false" >
197-->[androidx.work:work-runtime:2.9.0] AndroidManifest.xml:114:13-37
198            <intent-filter>
198-->[androidx.work:work-runtime:2.9.0] AndroidManifest.xml:116:13-120:29
199                <action android:name="android.intent.action.BOOT_COMPLETED" />
199-->src\main\AndroidManifest.xml:59:17-78
199-->src\main\AndroidManifest.xml:59:25-76
200                <action android:name="android.intent.action.TIME_SET" />
200-->[androidx.work:work-runtime:2.9.0] AndroidManifest.xml:118:17-73
200-->[androidx.work:work-runtime:2.9.0] AndroidManifest.xml:118:25-70
201                <action android:name="android.intent.action.TIMEZONE_CHANGED" />
201-->[androidx.work:work-runtime:2.9.0] AndroidManifest.xml:119:17-81
201-->[androidx.work:work-runtime:2.9.0] AndroidManifest.xml:119:25-78
202            </intent-filter>
203        </receiver>
204        <receiver
204-->[androidx.work:work-runtime:2.9.0] AndroidManifest.xml:122:9-131:20
205            android:name="androidx.work.impl.background.systemalarm.ConstraintProxyUpdateReceiver"
205-->[androidx.work:work-runtime:2.9.0] AndroidManifest.xml:123:13-99
206            android:directBootAware="false"
206-->[androidx.work:work-runtime:2.9.0] AndroidManifest.xml:124:13-44
207            android:enabled="@bool/enable_system_alarm_service_default"
207-->[androidx.work:work-runtime:2.9.0] AndroidManifest.xml:125:13-72
208            android:exported="false" >
208-->[androidx.work:work-runtime:2.9.0] AndroidManifest.xml:126:13-37
209            <intent-filter>
209-->[androidx.work:work-runtime:2.9.0] AndroidManifest.xml:128:13-130:29
210                <action android:name="androidx.work.impl.background.systemalarm.UpdateProxies" />
210-->[androidx.work:work-runtime:2.9.0] AndroidManifest.xml:129:17-98
210-->[androidx.work:work-runtime:2.9.0] AndroidManifest.xml:129:25-95
211            </intent-filter>
212        </receiver>
213        <receiver
213-->[androidx.work:work-runtime:2.9.0] AndroidManifest.xml:132:9-142:20
214            android:name="androidx.work.impl.diagnostics.DiagnosticsReceiver"
214-->[androidx.work:work-runtime:2.9.0] AndroidManifest.xml:133:13-78
215            android:directBootAware="false"
215-->[androidx.work:work-runtime:2.9.0] AndroidManifest.xml:134:13-44
216            android:enabled="true"
216-->[androidx.work:work-runtime:2.9.0] AndroidManifest.xml:135:13-35
217            android:exported="true"
217-->[androidx.work:work-runtime:2.9.0] AndroidManifest.xml:136:13-36
218            android:permission="android.permission.DUMP" >
218-->[androidx.work:work-runtime:2.9.0] AndroidManifest.xml:137:13-57
219            <intent-filter>
219-->[androidx.work:work-runtime:2.9.0] AndroidManifest.xml:139:13-141:29
220                <action android:name="androidx.work.diagnostics.REQUEST_DIAGNOSTICS" />
220-->[androidx.work:work-runtime:2.9.0] AndroidManifest.xml:140:17-88
220-->[androidx.work:work-runtime:2.9.0] AndroidManifest.xml:140:25-85
221            </intent-filter>
222        </receiver>
223
224        <service
224-->[androidx.room:room-runtime:2.5.0] AndroidManifest.xml:24:9-28:63
225            android:name="androidx.room.MultiInstanceInvalidationService"
225-->[androidx.room:room-runtime:2.5.0] AndroidManifest.xml:25:13-74
226            android:directBootAware="true"
226-->[androidx.room:room-runtime:2.5.0] AndroidManifest.xml:26:13-43
227            android:exported="false" />
227-->[androidx.room:room-runtime:2.5.0] AndroidManifest.xml:27:13-37
228
229        <receiver
229-->[androidx.profileinstaller:profileinstaller:1.3.0] AndroidManifest.xml:34:9-52:20
230            android:name="androidx.profileinstaller.ProfileInstallReceiver"
230-->[androidx.profileinstaller:profileinstaller:1.3.0] AndroidManifest.xml:35:13-76
231            android:directBootAware="false"
231-->[androidx.profileinstaller:profileinstaller:1.3.0] AndroidManifest.xml:36:13-44
232            android:enabled="true"
232-->[androidx.profileinstaller:profileinstaller:1.3.0] AndroidManifest.xml:37:13-35
233            android:exported="true"
233-->[androidx.profileinstaller:profileinstaller:1.3.0] AndroidManifest.xml:38:13-36
234            android:permission="android.permission.DUMP" >
234-->[androidx.profileinstaller:profileinstaller:1.3.0] AndroidManifest.xml:39:13-57
235            <intent-filter>
235-->[androidx.profileinstaller:profileinstaller:1.3.0] AndroidManifest.xml:40:13-42:29
236                <action android:name="androidx.profileinstaller.action.INSTALL_PROFILE" />
236-->[androidx.profileinstaller:profileinstaller:1.3.0] AndroidManifest.xml:41:17-91
236-->[androidx.profileinstaller:profileinstaller:1.3.0] AndroidManifest.xml:41:25-88
237            </intent-filter>
238            <intent-filter>
238-->[androidx.profileinstaller:profileinstaller:1.3.0] AndroidManifest.xml:43:13-45:29
239                <action android:name="androidx.profileinstaller.action.SKIP_FILE" />
239-->[androidx.profileinstaller:profileinstaller:1.3.0] AndroidManifest.xml:44:17-85
239-->[androidx.profileinstaller:profileinstaller:1.3.0] AndroidManifest.xml:44:25-82
240            </intent-filter>
241            <intent-filter>
241-->[androidx.profileinstaller:profileinstaller:1.3.0] AndroidManifest.xml:46:13-48:29
242                <action android:name="androidx.profileinstaller.action.SAVE_PROFILE" />
242-->[androidx.profileinstaller:profileinstaller:1.3.0] AndroidManifest.xml:47:17-88
242-->[androidx.profileinstaller:profileinstaller:1.3.0] AndroidManifest.xml:47:25-85
243            </intent-filter>
244            <intent-filter>
244-->[androidx.profileinstaller:profileinstaller:1.3.0] AndroidManifest.xml:49:13-51:29
245                <action android:name="androidx.profileinstaller.action.BENCHMARK_OPERATION" />
245-->[androidx.profileinstaller:profileinstaller:1.3.0] AndroidManifest.xml:50:17-95
245-->[androidx.profileinstaller:profileinstaller:1.3.0] AndroidManifest.xml:50:25-92
246            </intent-filter>
247        </receiver>
248    </application>
249
250</manifest>